#
# A fatal error has been detected by the Java Runtime Environment:
#
#  EXCEPTION_ACCESS_VIOLATION (0xc0000005) at pc=0x000000006fe32cf9, pid=6172, tid=11028
#
# JRE version: Java(TM) SE Runtime Environment (13.0.1+9) (build 13.0.1+9)
# Java VM: Java HotSpot(TM) 64-Bit Server VM (13.0.1+9, mixed mode, sharing, tiered, compressed oops, g1 gc, windows-amd64)
# Problematic frame:
# C  [libswipl.dll+0x12cf9]
#
# No core dump will be written. Minidumps are not enabled by default on client versions of Windows
#
# If you would like to submit a bug report, please visit:
#   http://bugreport.java.com/bugreport/crash.jsp
# The crash happened outside the Java Virtual Machine in native code.
# See problematic frame for where to report the bug.
#

---------------  S U M M A R Y ------------

Command Line: -Dfile.encoding=Cp1252 tekno.PrologReasoning

Host: Intel(R) Core(TM) i5-3210M CPU @ 2.50GHz, 4 cores, 11G,  Windows 10 , 64 bit Build 19041 (10.0.19041.662)
Time: Mon Feb  1 12:48:42 2021 ora solare Europa occidentale elapsed time: 0 seconds (0d 0h 0m 0s)

---------------  T H R E A D  ---------------

Current thread (0x000002144f65d000):  JavaThread "main" [_thread_in_native, id=11028, stack(0x000000d7c9e00000,0x000000d7c9f00000)]

Stack: [0x000000d7c9e00000,0x000000d7c9f00000],  sp=0x000000d7c9eff1a0,  free space=1020k
Native frames: (J=compiled Java code, j=interpreted, Vv=VM code, C=native code)
C  [libswipl.dll+0x12cf9]

Java frames: (J=compiled Java code, j=interpreted, Vv=VM code)
j  org.jpl7.fli.Prolog.open_query(Lorg/jpl7/fli/module_t;ILorg/jpl7/fli/predicate_t;Lorg/jpl7/fli/term_t;)Lorg/jpl7/fli/qid_t;+0
j  org.jpl7.Query.open()V+324
j  org.jpl7.Util.textToTerm(Ljava/lang/String;)Lorg/jpl7/Term;+57
j  org.jpl7.Query.Query1(Ljava/lang/String;[Lorg/jpl7/Term;)Lorg/jpl7/Term;+1
j  org.jpl7.Query.<init>(Ljava/lang/String;[Lorg/jpl7/Term;)V+3
j  tekno.PrologReasoning.<init>(Ljava/lang/String;)V+25
j  tekno.PrologReasoning.main([Ljava/lang/String;)V+6
v  ~StubRoutines::call_stub

siginfo: EXCEPTION_ACCESS_VIOLATION (0xc0000005), reading address 0x000000007141ca90


Register to memory mapping:

RIP=0x000000006fe32cf9 libswipl.dll
RAX=0x0000021470f00220 points into unknown readable memory: 00 05 f0 70 14 02 00 00
RBX=0x000000007141ca90 is an unknown value
RCX=0x0000000000000001 is an unknown value
RDX=0x0000000000000003 is an unknown value
RSP=0x000000d7c9eff1a0 is pointing into the stack for thread: 0x000002144f65d000
RBP=0x000000d7c9eff338 is pointing into the stack for thread: 0x000002144f65d000
RSI=0x000000007141ca90 is an unknown value
RDI=0x000000d7c9eff350 is pointing into the stack for thread: 0x000002144f65d000
R8 =0x000000007141ca90 is an unknown value
R9 =0x0000000000000016 is an unknown value
R10=0x00007ffba92b1e30 jvm.dll
R11=0x0000000000000010 is an unknown value
R12=0x0000000000000008 is an unknown value
R13=0x0000000000000008 is an unknown value
R14=0x0000000000000016 is an unknown value
R15=0x000000006ff4bd40 libswipl.dll


Registers:
RAX=0x0000021470f00220, RBX=0x000000007141ca90, RCX=0x0000000000000001, RDX=0x0000000000000003
RSP=0x000000d7c9eff1a0, RBP=0x000000d7c9eff338, RSI=0x000000007141ca90, RDI=0x000000d7c9eff350
R8 =0x000000007141ca90, R9 =0x0000000000000016, R10=0x00007ffba92b1e30, R11=0x0000000000000010
R12=0x0000000000000008, R13=0x0000000000000008, R14=0x0000000000000016, R15=0x000000006ff4bd40
RIP=0x000000006fe32cf9, EFLAGS=0x0000000000010246

Top of Stack: (sp=0x000000d7c9eff1a0)
0x000000d7c9eff1a0:   00000214705bf6d0 000002144f65d000
0x000000d7c9eff1b0:   0000000200000004 00007ffba902e3f0
0x000000d7c9eff1c0:   000002144f65d600 0000003800000003
0x000000d7c9eff1d0:   0000000000000000 000002144f65d000
0x000000d7c9eff1e0:   000000d7c9eff300 000002144f65d310
0x000000d7c9eff1f0:   000000007141ca90 000000d7c9eff350
0x000000d7c9eff200:   000000d7c9eff338 0000000070f1a690
0x000000d7c9eff210:   0000000000000008 000000d7c9eff350
0x000000d7c9eff220:   000002144f65d000 00000000712e849a
0x000000d7c9eff230:   0000000070f1a690 000000d7c9eff338
0x000000d7c9eff240:   000000007141ca90 000000d7c9eff350
0x000000d7c9eff250:   0000021457b79fc0 00000214705bf6d0
0x000000d7c9eff260:   00000214701bf100 0000021457b79fc0
0x000000d7c9eff270:   000000d7c9eff318 0000000000000000
0x000000d7c9eff280:   00000214705bf6d0 0000021457b7f477
0x000000d7c9eff290:   0000021457b79fc0 0000021457b7f15c 

Instructions: (pc=0x000000006fe32cf9)
0x000000006fe32bf9:   77 3a 4c 8b 4a 48 4c 39 c9 73 31 4c 8b 51 28 4d
0x000000006fe32c09:   39 d1 76 26 4d 39 d0 77 21 83 39 04 77 1e 48 8b
0x000000006fe32c19:   42 10 48 39 c1 73 09 48 8b 40 08 48 39 c1 72 f7
0x000000006fe32c29:   48 39 c1 0f 94 c0 0f b6 c0 c3 31 c0 f3 c3 66 0f
0x000000006fe32c39:   1f 84 00 00 00 00 00 41 57 41 56 41 55 41 54 55
0x000000006fe32c49:   57 56 53 48 83 ec 48 48 8b 05 09 ed 0f 00 48 89
0x000000006fe32c59:   8c 24 90 00 00 00 41 89 d4 4c 89 c3 4d 89 ce 8b
0x000000006fe32c69:   08 ff 15 94 e7 11 00 8b 0d 52 34 11 00 49 89 c7
0x000000006fe32c79:   85 c9 75 5b 48 8b 05 cc ec 0f 00 c7 05 3a 34 11
0x000000006fe32c89:   00 01 00 00 00 48 8b 80 30 18 00 00 48 8b 00 48
0x000000006fe32c99:   c7 05 ed 33 11 00 ff ff ff ff 48 c7 05 0a 34 11
0x000000006fe32ca9:   00 01 00 00 00 48 89 05 cb 33 11 00 48 8b 05 84
0x000000006fe32cb9:   ec 0f 00 48 8b 80 08 02 00 00 48 89 05 f6 33 11
0x000000006fe32cc9:   00 48 8d 05 af 33 11 00 48 89 05 78 33 11 00 49
0x000000006fe32cd9:   8b 47 18 49 3b 47 08 0f 86 ba 03 00 00 48 63 50
0x000000006fe32ce9:   04 48 8d 44 d0 28 49 39 47 48 0f 82 57 03 00 00
0x000000006fe32cf9:   48 8b 33 48 83 7e 18 00 8b 46 48 0f 84 70 03 00
0x000000006fe32d09:   00 f6 c4 04 74 12 49 8b 97 58 0b 00 00 48 89 f1
0x000000006fe32d19:   e8 72 3d ff ff 48 89 c6 49 8b 47 48 48 8d 90 60
0x000000006fe32d29:   21 00 00 49 39 57 50 48 89 c7 0f 82 be 04 00 00
0x000000006fe32d39:   a8 0f 48 89 c3 74 0c 48 83 c3 08 f6 c3 0f 75 f7
0x000000006fe32d49:   48 89 df 4c 8b 2d fd eb 0f 00 48 89 43 70 48 8d
0x000000006fe32d59:   83 d0 00 00 00 48 c7 83 d8 00 00 00 00 00 00 00
0x000000006fe32d69:   48 89 44 24 30 49 8b 85 30 18 00 00 48 8b 08 48
0x000000006fe32d79:   8d 05 c1 32 11 00 48 c7 83 d0 00 00 00 00 00 00
0x000000006fe32d89:   00 48 89 83 e0 00 00 00 48 89 8b e8 00 00 00 41
0x000000006fe32d99:   8b 97 70 05 00 00 85 d2 0f 85 cb 03 00 00 48 c7
0x000000006fe32da9:   83 f8 00 00 00 00 00 00 00 49 8b 47 08 48 85 c0
0x000000006fe32db9:   0f 84 cf 03 00 00 8b 50 38 8d 42 01 83 c2 02 89
0x000000006fe32dc9:   83 08 01 00 00 49 8b 47 08 8b 40 3c 25 4c fe ff
0x000000006fe32dd9:   ff 89 83 0c 01 00 00 48 8d 8b 10 01 00 00 89 93
0x000000006fe32de9:   48 01 00 00 89 83 4c 01 00 00 48 89 4c 24 38 48 


Stack slot to memory mapping:
stack at sp + 0 slots: {method} {0x00000214705bf6d8} 'open_query' '(Lorg/jpl7/fli/module_t;ILorg/jpl7/fli/predicate_t;Lorg/jpl7/fli/term_t;)Lorg/jpl7/fli/qid_t;' in 'org/jpl7/fli/Prolog'
stack at sp + 1 slots: 0x000002144f65d000 is a thread
stack at sp + 2 slots: 0x0000000200000004 is an unknown value
stack at sp + 3 slots: 0x00007ffba902e3f0 jvm.dll
stack at sp + 4 slots: 0x000002144f65d600 points into unknown readable memory: f0 5a 69 a9 fb 7f 00 00
stack at sp + 5 slots: 0x0000003800000003 is an unknown value
stack at sp + 6 slots: 0x0 is NULL
stack at sp + 7 slots: 0x000002144f65d000 is a thread


---------------  P R O C E S S  ---------------

Threads class SMR info:
_java_thread_list=0x0000021470bfa2a0, length=10, elements={
0x000002144f65d000, 0x0000021470185800, 0x0000021470188800, 0x0000021470ac8000,
0x0000021470acb000, 0x0000021470ad4000, 0x0000021470ada800, 0x0000021470ae6000,
0x0000021470c1b800, 0x0000021470c26800
}

Java Threads: ( => current thread )
=>0x000002144f65d000 JavaThread "main" [_thread_in_native, id=11028, stack(0x000000d7c9e00000,0x000000d7c9f00000)]
  0x0000021470185800 JavaThread "Reference Handler" daemon [_thread_blocked, id=11760, stack(0x000000d7ca500000,0x000000d7ca600000)]
  0x0000021470188800 JavaThread "Finalizer" daemon [_thread_blocked, id=14496, stack(0x000000d7ca600000,0x000000d7ca700000)]
  0x0000021470ac8000 JavaThread "Signal Dispatcher" daemon [_thread_blocked, id=11912, stack(0x000000d7ca700000,0x000000d7ca800000)]
  0x0000021470acb000 JavaThread "Attach Listener" daemon [_thread_blocked, id=9388, stack(0x000000d7ca800000,0x000000d7ca900000)]
  0x0000021470ad4000 JavaThread "C2 CompilerThread0" daemon [_thread_blocked, id=2524, stack(0x000000d7ca900000,0x000000d7caa00000)]
  0x0000021470ada800 JavaThread "C1 CompilerThread0" daemon [_thread_blocked, id=5896, stack(0x000000d7caa00000,0x000000d7cab00000)]
  0x0000021470ae6000 JavaThread "Sweeper thread" daemon [_thread_blocked, id=9420, stack(0x000000d7cab00000,0x000000d7cac00000)]
  0x0000021470c1b800 JavaThread "Service Thread" daemon [_thread_blocked, id=13632, stack(0x000000d7cac00000,0x000000d7cad00000)]
  0x0000021470c26800 JavaThread "Common-Cleaner" daemon [_thread_blocked, id=11704, stack(0x000000d7cae00000,0x000000d7caf00000)]

Other Threads:
  0x0000021470184000 VMThread "VM Thread" [stack: 0x000000d7ca400000,0x000000d7ca500000] [id=1816]
  0x0000021470c26000 WatcherThread [stack: 0x000000d7cad00000,0x000000d7cae00000] [id=7576]
  0x000002144f6b5800 GCTaskThread "GC Thread#0" [stack: 0x000000d7c9f00000,0x000000d7ca000000] [id=1716]
  0x000002144f6cf800 ConcurrentGCThread "G1 Main Marker" [stack: 0x000000d7ca000000,0x000000d7ca100000] [id=11508]
  0x000002144f6d1000 ConcurrentGCThread "G1 Conc#0" [stack: 0x000000d7ca100000,0x000000d7ca200000] [id=12892]
  0x000002144f73e800 ConcurrentGCThread "G1 Refine#0" [stack: 0x000000d7ca200000,0x000000d7ca300000] [id=8392]
  0x0000021470004000 ConcurrentGCThread "G1 Young RemSet Sampling" [stack: 0x000000d7ca300000,0x000000d7ca400000] [id=8980]

Threads with active compile tasks:

VM state:not at safepoint (normal execution)

VM Mutex/Monitor currently owned by a thread: None

Heap address: 0x0000000744400000, size: 3004 MB, Compressed Oops mode: Zero based, Oop shift amount: 3
Narrow klass base: 0x0000000800000000, Narrow klass shift: 3
Compressed class space size: 1073741824 Address: 0x0000000800b40000

Heap:
 garbage-first heap   total 192512K, used 2048K [0x0000000744400000, 0x0000000800000000)
  region size 1024K, 4 young (4096K), 0 survivors (0K)
 Metaspace       used 446K, capacity 4664K, committed 4864K, reserved 1056768K
  class space    used 27K, capacity 424K, committed 512K, reserved 1048576K
Heap Regions: E=young(eden), S=young(survivor), O=old, HS=humongous(starts), HC=humongous(continues), CS=collection set, F=free, A=archive, TAMS=top-at-mark-start (previous, next)
|   0|0x0000000744400000, 0x0000000744400000, 0x0000000744500000|  0%| F|  |TAMS 0x0000000744400000, 0x0000000744400000| Untracked 
|   1|0x0000000744500000, 0x0000000744500000, 0x0000000744600000|  0%| F|  |TAMS 0x0000000744500000, 0x0000000744500000| Untracked 
|   2|0x0000000744600000, 0x0000000744600000, 0x0000000744700000|  0%| F|  |TAMS 0x0000000744600000, 0x0000000744600000| Untracked 
|   3|0x0000000744700000, 0x0000000744700000, 0x0000000744800000|  0%| F|  |TAMS 0x0000000744700000, 0x0000000744700000| Untracked 
|   4|0x0000000744800000, 0x0000000744800000, 0x0000000744900000|  0%| F|  |TAMS 0x0000000744800000, 0x0000000744800000| Untracked 
|   5|0x0000000744900000, 0x0000000744900000, 0x0000000744a00000|  0%| F|  |TAMS 0x0000000744900000, 0x0000000744900000| Untracked 
|   6|0x0000000744a00000, 0x0000000744a00000, 0x0000000744b00000|  0%| F|  |TAMS 0x0000000744a00000, 0x0000000744a00000| Untracked 
|   7|0x0000000744b00000, 0x0000000744b00000, 0x0000000744c00000|  0%| F|  |TAMS 0x0000000744b00000, 0x0000000744b00000| Untracked 
|   8|0x0000000744c00000, 0x0000000744c00000, 0x0000000744d00000|  0%| F|  |TAMS 0x0000000744c00000, 0x0000000744c00000| Untracked 
|   9|0x0000000744d00000, 0x0000000744d00000, 0x0000000744e00000|  0%| F|  |TAMS 0x0000000744d00000, 0x0000000744d00000| Untracked 
|  10|0x0000000744e00000, 0x0000000744e00000, 0x0000000744f00000|  0%| F|  |TAMS 0x0000000744e00000, 0x0000000744e00000| Untracked 
|  11|0x0000000744f00000, 0x0000000744f00000, 0x0000000745000000|  0%| F|  |TAMS 0x0000000744f00000, 0x0000000744f00000| Untracked 
|  12|0x0000000745000000, 0x0000000745000000, 0x0000000745100000|  0%| F|  |TAMS 0x0000000745000000, 0x0000000745000000| Untracked 
|  13|0x0000000745100000, 0x0000000745100000, 0x0000000745200000|  0%| F|  |TAMS 0x0000000745100000, 0x0000000745100000| Untracked 
|  14|0x0000000745200000, 0x0000000745200000, 0x0000000745300000|  0%| F|  |TAMS 0x0000000745200000, 0x0000000745200000| Untracked 
|  15|0x0000000745300000, 0x0000000745300000, 0x0000000745400000|  0%| F|  |TAMS 0x0000000745300000, 0x0000000745300000| Untracked 
|  16|0x0000000745400000, 0x0000000745400000, 0x0000000745500000|  0%| F|  |TAMS 0x0000000745400000, 0x0000000745400000| Untracked 
|  17|0x0000000745500000, 0x0000000745500000, 0x0000000745600000|  0%| F|  |TAMS 0x0000000745500000, 0x0000000745500000| Untracked 
|  18|0x0000000745600000, 0x0000000745600000, 0x0000000745700000|  0%| F|  |TAMS 0x0000000745600000, 0x0000000745600000| Untracked 
|  19|0x0000000745700000, 0x0000000745700000, 0x0000000745800000|  0%| F|  |TAMS 0x0000000745700000, 0x0000000745700000| Untracked 
|  20|0x0000000745800000, 0x0000000745800000, 0x0000000745900000|  0%| F|  |TAMS 0x0000000745800000, 0x0000000745800000| Untracked 
|  21|0x0000000745900000, 0x0000000745900000, 0x0000000745a00000|  0%| F|  |TAMS 0x0000000745900000, 0x0000000745900000| Untracked 
|  22|0x0000000745a00000, 0x0000000745a00000, 0x0000000745b00000|  0%| F|  |TAMS 0x0000000745a00000, 0x0000000745a00000| Untracked 
|  23|0x0000000745b00000, 0x0000000745b00000, 0x0000000745c00000|  0%| F|  |TAMS 0x0000000745b00000, 0x0000000745b00000| Untracked 
|  24|0x0000000745c00000, 0x0000000745c00000, 0x0000000745d00000|  0%| F|  |TAMS 0x0000000745c00000, 0x0000000745c00000| Untracked 
|  25|0x0000000745d00000, 0x0000000745d00000, 0x0000000745e00000|  0%| F|  |TAMS 0x0000000745d00000, 0x0000000745d00000| Untracked 
|  26|0x0000000745e00000, 0x0000000745e00000, 0x0000000745f00000|  0%| F|  |TAMS 0x0000000745e00000, 0x0000000745e00000| Untracked 
|  27|0x0000000745f00000, 0x0000000745f00000, 0x0000000746000000|  0%| F|  |TAMS 0x0000000745f00000, 0x0000000745f00000| Untracked 
|  28|0x0000000746000000, 0x0000000746000000, 0x0000000746100000|  0%| F|  |TAMS 0x0000000746000000, 0x0000000746000000| Untracked 
|  29|0x0000000746100000, 0x0000000746100000, 0x0000000746200000|  0%| F|  |TAMS 0x0000000746100000, 0x0000000746100000| Untracked 
|  30|0x0000000746200000, 0x0000000746200000, 0x0000000746300000|  0%| F|  |TAMS 0x0000000746200000, 0x0000000746200000| Untracked 
|  31|0x0000000746300000, 0x0000000746300000, 0x0000000746400000|  0%| F|  |TAMS 0x0000000746300000, 0x0000000746300000| Untracked 
|  32|0x0000000746400000, 0x0000000746400000, 0x0000000746500000|  0%| F|  |TAMS 0x0000000746400000, 0x0000000746400000| Untracked 
|  33|0x0000000746500000, 0x0000000746500000, 0x0000000746600000|  0%| F|  |TAMS 0x0000000746500000, 0x0000000746500000| Untracked 
|  34|0x0000000746600000, 0x0000000746600000, 0x0000000746700000|  0%| F|  |TAMS 0x0000000746600000, 0x0000000746600000| Untracked 
|  35|0x0000000746700000, 0x0000000746700000, 0x0000000746800000|  0%| F|  |TAMS 0x0000000746700000, 0x0000000746700000| Untracked 
|  36|0x0000000746800000, 0x0000000746800000, 0x0000000746900000|  0%| F|  |TAMS 0x0000000746800000, 0x0000000746800000| Untracked 
|  37|0x0000000746900000, 0x0000000746900000, 0x0000000746a00000|  0%| F|  |TAMS 0x0000000746900000, 0x0000000746900000| Untracked 
|  38|0x0000000746a00000, 0x0000000746a00000, 0x0000000746b00000|  0%| F|  |TAMS 0x0000000746a00000, 0x0000000746a00000| Untracked 
|  39|0x0000000746b00000, 0x0000000746b00000, 0x0000000746c00000|  0%| F|  |TAMS 0x0000000746b00000, 0x0000000746b00000| Untracked 
|  40|0x0000000746c00000, 0x0000000746c00000, 0x0000000746d00000|  0%| F|  |TAMS 0x0000000746c00000, 0x0000000746c00000| Untracked 
|  41|0x0000000746d00000, 0x0000000746d00000, 0x0000000746e00000|  0%| F|  |TAMS 0x0000000746d00000, 0x0000000746d00000| Untracked 
|  42|0x0000000746e00000, 0x0000000746e00000, 0x0000000746f00000|  0%| F|  |TAMS 0x0000000746e00000, 0x0000000746e00000| Untracked 
|  43|0x0000000746f00000, 0x0000000746f00000, 0x0000000747000000|  0%| F|  |TAMS 0x0000000746f00000, 0x0000000746f00000| Untracked 
|  44|0x0000000747000000, 0x0000000747000000, 0x0000000747100000|  0%| F|  |TAMS 0x0000000747000000, 0x0000000747000000| Untracked 
|  45|0x0000000747100000, 0x0000000747100000, 0x0000000747200000|  0%| F|  |TAMS 0x0000000747100000, 0x0000000747100000| Untracked 
|  46|0x0000000747200000, 0x0000000747200000, 0x0000000747300000|  0%| F|  |TAMS 0x0000000747200000, 0x0000000747200000| Untracked 
|  47|0x0000000747300000, 0x0000000747300000, 0x0000000747400000|  0%| F|  |TAMS 0x0000000747300000, 0x0000000747300000| Untracked 
|  48|0x0000000747400000, 0x0000000747400000, 0x0000000747500000|  0%| F|  |TAMS 0x0000000747400000, 0x0000000747400000| Untracked 
|  49|0x0000000747500000, 0x0000000747500000, 0x0000000747600000|  0%| F|  |TAMS 0x0000000747500000, 0x0000000747500000| Untracked 
|  50|0x0000000747600000, 0x0000000747600000, 0x0000000747700000|  0%| F|  |TAMS 0x0000000747600000, 0x0000000747600000| Untracked 
|  51|0x0000000747700000, 0x0000000747700000, 0x0000000747800000|  0%| F|  |TAMS 0x0000000747700000, 0x0000000747700000| Untracked 
|  52|0x0000000747800000, 0x0000000747800000, 0x0000000747900000|  0%| F|  |TAMS 0x0000000747800000, 0x0000000747800000| Untracked 
|  53|0x0000000747900000, 0x0000000747900000, 0x0000000747a00000|  0%| F|  |TAMS 0x0000000747900000, 0x0000000747900000| Untracked 
|  54|0x0000000747a00000, 0x0000000747a00000, 0x0000000747b00000|  0%| F|  |TAMS 0x0000000747a00000, 0x0000000747a00000| Untracked 
|  55|0x0000000747b00000, 0x0000000747b00000, 0x0000000747c00000|  0%| F|  |TAMS 0x0000000747b00000, 0x0000000747b00000| Untracked 
|  56|0x0000000747c00000, 0x0000000747c00000, 0x0000000747d00000|  0%| F|  |TAMS 0x0000000747c00000, 0x0000000747c00000| Untracked 
|  57|0x0000000747d00000, 0x0000000747d00000, 0x0000000747e00000|  0%| F|  |TAMS 0x0000000747d00000, 0x0000000747d00000| Untracked 
|  58|0x0000000747e00000, 0x0000000747e00000, 0x0000000747f00000|  0%| F|  |TAMS 0x0000000747e00000, 0x0000000747e00000| Untracked 
|  59|0x0000000747f00000, 0x0000000747f00000, 0x0000000748000000|  0%| F|  |TAMS 0x0000000747f00000, 0x0000000747f00000| Untracked 
|  60|0x0000000748000000, 0x0000000748000000, 0x0000000748100000|  0%| F|  |TAMS 0x0000000748000000, 0x0000000748000000| Untracked 
|  61|0x0000000748100000, 0x0000000748100000, 0x0000000748200000|  0%| F|  |TAMS 0x0000000748100000, 0x0000000748100000| Untracked 
|  62|0x0000000748200000, 0x0000000748200000, 0x0000000748300000|  0%| F|  |TAMS 0x0000000748200000, 0x0000000748200000| Untracked 
|  63|0x0000000748300000, 0x0000000748300000, 0x0000000748400000|  0%| F|  |TAMS 0x0000000748300000, 0x0000000748300000| Untracked 
|  64|0x0000000748400000, 0x0000000748400000, 0x0000000748500000|  0%| F|  |TAMS 0x0000000748400000, 0x0000000748400000| Untracked 
|  65|0x0000000748500000, 0x0000000748500000, 0x0000000748600000|  0%| F|  |TAMS 0x0000000748500000, 0x0000000748500000| Untracked 
|  66|0x0000000748600000, 0x0000000748600000, 0x0000000748700000|  0%| F|  |TAMS 0x0000000748600000, 0x0000000748600000| Untracked 
|  67|0x0000000748700000, 0x0000000748700000, 0x0000000748800000|  0%| F|  |TAMS 0x0000000748700000, 0x0000000748700000| Untracked 
|  68|0x0000000748800000, 0x0000000748800000, 0x0000000748900000|  0%| F|  |TAMS 0x0000000748800000, 0x0000000748800000| Untracked 
|  69|0x0000000748900000, 0x0000000748900000, 0x0000000748a00000|  0%| F|  |TAMS 0x0000000748900000, 0x0000000748900000| Untracked 
|  70|0x0000000748a00000, 0x0000000748a00000, 0x0000000748b00000|  0%| F|  |TAMS 0x0000000748a00000, 0x0000000748a00000| Untracked 
|  71|0x0000000748b00000, 0x0000000748b00000, 0x0000000748c00000|  0%| F|  |TAMS 0x0000000748b00000, 0x0000000748b00000| Untracked 
|  72|0x0000000748c00000, 0x0000000748c00000, 0x0000000748d00000|  0%| F|  |TAMS 0x0000000748c00000, 0x0000000748c00000| Untracked 
|  73|0x0000000748d00000, 0x0000000748d00000, 0x0000000748e00000|  0%| F|  |TAMS 0x0000000748d00000, 0x0000000748d00000| Untracked 
|  74|0x0000000748e00000, 0x0000000748e00000, 0x0000000748f00000|  0%| F|  |TAMS 0x0000000748e00000, 0x0000000748e00000| Untracked 
|  75|0x0000000748f00000, 0x0000000748f00000, 0x0000000749000000|  0%| F|  |TAMS 0x0000000748f00000, 0x0000000748f00000| Untracked 
|  76|0x0000000749000000, 0x0000000749000000, 0x0000000749100000|  0%| F|  |TAMS 0x0000000749000000, 0x0000000749000000| Untracked 
|  77|0x0000000749100000, 0x0000000749100000, 0x0000000749200000|  0%| F|  |TAMS 0x0000000749100000, 0x0000000749100000| Untracked 
|  78|0x0000000749200000, 0x0000000749200000, 0x0000000749300000|  0%| F|  |TAMS 0x0000000749200000, 0x0000000749200000| Untracked 
|  79|0x0000000749300000, 0x0000000749300000, 0x0000000749400000|  0%| F|  |TAMS 0x0000000749300000, 0x0000000749300000| Untracked 
|  80|0x0000000749400000, 0x0000000749400000, 0x0000000749500000|  0%| F|  |TAMS 0x0000000749400000, 0x0000000749400000| Untracked 
|  81|0x0000000749500000, 0x0000000749500000, 0x0000000749600000|  0%| F|  |TAMS 0x0000000749500000, 0x0000000749500000| Untracked 
|  82|0x0000000749600000, 0x0000000749600000, 0x0000000749700000|  0%| F|  |TAMS 0x0000000749600000, 0x0000000749600000| Untracked 
|  83|0x0000000749700000, 0x0000000749700000, 0x0000000749800000|  0%| F|  |TAMS 0x0000000749700000, 0x0000000749700000| Untracked 
|  84|0x0000000749800000, 0x0000000749800000, 0x0000000749900000|  0%| F|  |TAMS 0x0000000749800000, 0x0000000749800000| Untracked 
|  85|0x0000000749900000, 0x0000000749900000, 0x0000000749a00000|  0%| F|  |TAMS 0x0000000749900000, 0x0000000749900000| Untracked 
|  86|0x0000000749a00000, 0x0000000749a00000, 0x0000000749b00000|  0%| F|  |TAMS 0x0000000749a00000, 0x0000000749a00000| Untracked 
|  87|0x0000000749b00000, 0x0000000749b00000, 0x0000000749c00000|  0%| F|  |TAMS 0x0000000749b00000, 0x0000000749b00000| Untracked 
|  88|0x0000000749c00000, 0x0000000749c00000, 0x0000000749d00000|  0%| F|  |TAMS 0x0000000749c00000, 0x0000000749c00000| Untracked 
|  89|0x0000000749d00000, 0x0000000749d00000, 0x0000000749e00000|  0%| F|  |TAMS 0x0000000749d00000, 0x0000000749d00000| Untracked 
|  90|0x0000000749e00000, 0x0000000749e00000, 0x0000000749f00000|  0%| F|  |TAMS 0x0000000749e00000, 0x0000000749e00000| Untracked 
|  91|0x0000000749f00000, 0x0000000749f00000, 0x000000074a000000|  0%| F|  |TAMS 0x0000000749f00000, 0x0000000749f00000| Untracked 
|  92|0x000000074a000000, 0x000000074a000000, 0x000000074a100000|  0%| F|  |TAMS 0x000000074a000000, 0x000000074a000000| Untracked 
|  93|0x000000074a100000, 0x000000074a100000, 0x000000074a200000|  0%| F|  |TAMS 0x000000074a100000, 0x000000074a100000| Untracked 
|  94|0x000000074a200000, 0x000000074a200000, 0x000000074a300000|  0%| F|  |TAMS 0x000000074a200000, 0x000000074a200000| Untracked 
|  95|0x000000074a300000, 0x000000074a300000, 0x000000074a400000|  0%| F|  |TAMS 0x000000074a300000, 0x000000074a300000| Untracked 
|  96|0x000000074a400000, 0x000000074a400000, 0x000000074a500000|  0%| F|  |TAMS 0x000000074a400000, 0x000000074a400000| Untracked 
|  97|0x000000074a500000, 0x000000074a500000, 0x000000074a600000|  0%| F|  |TAMS 0x000000074a500000, 0x000000074a500000| Untracked 
|  98|0x000000074a600000, 0x000000074a600000, 0x000000074a700000|  0%| F|  |TAMS 0x000000074a600000, 0x000000074a600000| Untracked 
|  99|0x000000074a700000, 0x000000074a700000, 0x000000074a800000|  0%| F|  |TAMS 0x000000074a700000, 0x000000074a700000| Untracked 
| 100|0x000000074a800000, 0x000000074a800000, 0x000000074a900000|  0%| F|  |TAMS 0x000000074a800000, 0x000000074a800000| Untracked 
| 101|0x000000074a900000, 0x000000074a900000, 0x000000074aa00000|  0%| F|  |TAMS 0x000000074a900000, 0x000000074a900000| Untracked 
| 102|0x000000074aa00000, 0x000000074aa00000, 0x000000074ab00000|  0%| F|  |TAMS 0x000000074aa00000, 0x000000074aa00000| Untracked 
| 103|0x000000074ab00000, 0x000000074ab00000, 0x000000074ac00000|  0%| F|  |TAMS 0x000000074ab00000, 0x000000074ab00000| Untracked 
| 104|0x000000074ac00000, 0x000000074ac00000, 0x000000074ad00000|  0%| F|  |TAMS 0x000000074ac00000, 0x000000074ac00000| Untracked 
| 105|0x000000074ad00000, 0x000000074ad00000, 0x000000074ae00000|  0%| F|  |TAMS 0x000000074ad00000, 0x000000074ad00000| Untracked 
| 106|0x000000074ae00000, 0x000000074ae00000, 0x000000074af00000|  0%| F|  |TAMS 0x000000074ae00000, 0x000000074ae00000| Untracked 
| 107|0x000000074af00000, 0x000000074af00000, 0x000000074b000000|  0%| F|  |TAMS 0x000000074af00000, 0x000000074af00000| Untracked 
| 108|0x000000074b000000, 0x000000074b000000, 0x000000074b100000|  0%| F|  |TAMS 0x000000074b000000, 0x000000074b000000| Untracked 
| 109|0x000000074b100000, 0x000000074b100000, 0x000000074b200000|  0%| F|  |TAMS 0x000000074b100000, 0x000000074b100000| Untracked 
| 110|0x000000074b200000, 0x000000074b200000, 0x000000074b300000|  0%| F|  |TAMS 0x000000074b200000, 0x000000074b200000| Untracked 
| 111|0x000000074b300000, 0x000000074b300000, 0x000000074b400000|  0%| F|  |TAMS 0x000000074b300000, 0x000000074b300000| Untracked 
| 112|0x000000074b400000, 0x000000074b400000, 0x000000074b500000|  0%| F|  |TAMS 0x000000074b400000, 0x000000074b400000| Untracked 
| 113|0x000000074b500000, 0x000000074b500000, 0x000000074b600000|  0%| F|  |TAMS 0x000000074b500000, 0x000000074b500000| Untracked 
| 114|0x000000074b600000, 0x000000074b600000, 0x000000074b700000|  0%| F|  |TAMS 0x000000074b600000, 0x000000074b600000| Untracked 
| 115|0x000000074b700000, 0x000000074b700000, 0x000000074b800000|  0%| F|  |TAMS 0x000000074b700000, 0x000000074b700000| Untracked 
| 116|0x000000074b800000, 0x000000074b800000, 0x000000074b900000|  0%| F|  |TAMS 0x000000074b800000, 0x000000074b800000| Untracked 
| 117|0x000000074b900000, 0x000000074b900000, 0x000000074ba00000|  0%| F|  |TAMS 0x000000074b900000, 0x000000074b900000| Untracked 
| 118|0x000000074ba00000, 0x000000074ba00000, 0x000000074bb00000|  0%| F|  |TAMS 0x000000074ba00000, 0x000000074ba00000| Untracked 
| 119|0x000000074bb00000, 0x000000074bb00000, 0x000000074bc00000|  0%| F|  |TAMS 0x000000074bb00000, 0x000000074bb00000| Untracked 
| 120|0x000000074bc00000, 0x000000074bc00000, 0x000000074bd00000|  0%| F|  |TAMS 0x000000074bc00000, 0x000000074bc00000| Untracked 
| 121|0x000000074bd00000, 0x000000074bd00000, 0x000000074be00000|  0%| F|  |TAMS 0x000000074bd00000, 0x000000074bd00000| Untracked 
| 122|0x000000074be00000, 0x000000074be00000, 0x000000074bf00000|  0%| F|  |TAMS 0x000000074be00000, 0x000000074be00000| Untracked 
| 123|0x000000074bf00000, 0x000000074bf00000, 0x000000074c000000|  0%| F|  |TAMS 0x000000074bf00000, 0x000000074bf00000| Untracked 
| 124|0x000000074c000000, 0x000000074c000000, 0x000000074c100000|  0%| F|  |TAMS 0x000000074c000000, 0x000000074c000000| Untracked 
| 125|0x000000074c100000, 0x000000074c100000, 0x000000074c200000|  0%| F|  |TAMS 0x000000074c100000, 0x000000074c100000| Untracked 
| 126|0x000000074c200000, 0x000000074c200000, 0x000000074c300000|  0%| F|  |TAMS 0x000000074c200000, 0x000000074c200000| Untracked 
| 127|0x000000074c300000, 0x000000074c300000, 0x000000074c400000|  0%| F|  |TAMS 0x000000074c300000, 0x000000074c300000| Untracked 
| 128|0x000000074c400000, 0x000000074c400000, 0x000000074c500000|  0%| F|  |TAMS 0x000000074c400000, 0x000000074c400000| Untracked 
| 129|0x000000074c500000, 0x000000074c500000, 0x000000074c600000|  0%| F|  |TAMS 0x000000074c500000, 0x000000074c500000| Untracked 
| 130|0x000000074c600000, 0x000000074c600000, 0x000000074c700000|  0%| F|  |TAMS 0x000000074c600000, 0x000000074c600000| Untracked 
| 131|0x000000074c700000, 0x000000074c700000, 0x000000074c800000|  0%| F|  |TAMS 0x000000074c700000, 0x000000074c700000| Untracked 
| 132|0x000000074c800000, 0x000000074c800000, 0x000000074c900000|  0%| F|  |TAMS 0x000000074c800000, 0x000000074c800000| Untracked 
| 133|0x000000074c900000, 0x000000074c900000, 0x000000074ca00000|  0%| F|  |TAMS 0x000000074c900000, 0x000000074c900000| Untracked 
| 134|0x000000074ca00000, 0x000000074ca00000, 0x000000074cb00000|  0%| F|  |TAMS 0x000000074ca00000, 0x000000074ca00000| Untracked 
| 135|0x000000074cb00000, 0x000000074cb00000, 0x000000074cc00000|  0%| F|  |TAMS 0x000000074cb00000, 0x000000074cb00000| Untracked 
| 136|0x000000074cc00000, 0x000000074cc00000, 0x000000074cd00000|  0%| F|  |TAMS 0x000000074cc00000, 0x000000074cc00000| Untracked 
| 137|0x000000074cd00000, 0x000000074cd00000, 0x000000074ce00000|  0%| F|  |TAMS 0x000000074cd00000, 0x000000074cd00000| Untracked 
| 138|0x000000074ce00000, 0x000000074ce00000, 0x000000074cf00000|  0%| F|  |TAMS 0x000000074ce00000, 0x000000074ce00000| Untracked 
| 139|0x000000074cf00000, 0x000000074cf00000, 0x000000074d000000|  0%| F|  |TAMS 0x000000074cf00000, 0x000000074cf00000| Untracked 
| 140|0x000000074d000000, 0x000000074d000000, 0x000000074d100000|  0%| F|  |TAMS 0x000000074d000000, 0x000000074d000000| Untracked 
| 141|0x000000074d100000, 0x000000074d100000, 0x000000074d200000|  0%| F|  |TAMS 0x000000074d100000, 0x000000074d100000| Untracked 
| 142|0x000000074d200000, 0x000000074d200000, 0x000000074d300000|  0%| F|  |TAMS 0x000000074d200000, 0x000000074d200000| Untracked 
| 143|0x000000074d300000, 0x000000074d300000, 0x000000074d400000|  0%| F|  |TAMS 0x000000074d300000, 0x000000074d300000| Untracked 
| 144|0x000000074d400000, 0x000000074d400000, 0x000000074d500000|  0%| F|  |TAMS 0x000000074d400000, 0x000000074d400000| Untracked 
| 145|0x000000074d500000, 0x000000074d500000, 0x000000074d600000|  0%| F|  |TAMS 0x000000074d500000, 0x000000074d500000| Untracked 
| 146|0x000000074d600000, 0x000000074d600000, 0x000000074d700000|  0%| F|  |TAMS 0x000000074d600000, 0x000000074d600000| Untracked 
| 147|0x000000074d700000, 0x000000074d700000, 0x000000074d800000|  0%| F|  |TAMS 0x000000074d700000, 0x000000074d700000| Untracked 
| 148|0x000000074d800000, 0x000000074d800000, 0x000000074d900000|  0%| F|  |TAMS 0x000000074d800000, 0x000000074d800000| Untracked 
| 149|0x000000074d900000, 0x000000074d900000, 0x000000074da00000|  0%| F|  |TAMS 0x000000074d900000, 0x000000074d900000| Untracked 
| 150|0x000000074da00000, 0x000000074da00000, 0x000000074db00000|  0%| F|  |TAMS 0x000000074da00000, 0x000000074da00000| Untracked 
| 151|0x000000074db00000, 0x000000074db00000, 0x000000074dc00000|  0%| F|  |TAMS 0x000000074db00000, 0x000000074db00000| Untracked 
| 152|0x000000074dc00000, 0x000000074dc00000, 0x000000074dd00000|  0%| F|  |TAMS 0x000000074dc00000, 0x000000074dc00000| Untracked 
| 153|0x000000074dd00000, 0x000000074dd00000, 0x000000074de00000|  0%| F|  |TAMS 0x000000074dd00000, 0x000000074dd00000| Untracked 
| 154|0x000000074de00000, 0x000000074de00000, 0x000000074df00000|  0%| F|  |TAMS 0x000000074de00000, 0x000000074de00000| Untracked 
| 155|0x000000074df00000, 0x000000074df00000, 0x000000074e000000|  0%| F|  |TAMS 0x000000074df00000, 0x000000074df00000| Untracked 
| 156|0x000000074e000000, 0x000000074e000000, 0x000000074e100000|  0%| F|  |TAMS 0x000000074e000000, 0x000000074e000000| Untracked 
| 157|0x000000074e100000, 0x000000074e100000, 0x000000074e200000|  0%| F|  |TAMS 0x000000074e100000, 0x000000074e100000| Untracked 
| 158|0x000000074e200000, 0x000000074e200000, 0x000000074e300000|  0%| F|  |TAMS 0x000000074e200000, 0x000000074e200000| Untracked 
| 159|0x000000074e300000, 0x000000074e300000, 0x000000074e400000|  0%| F|  |TAMS 0x000000074e300000, 0x000000074e300000| Untracked 
| 160|0x000000074e400000, 0x000000074e400000, 0x000000074e500000|  0%| F|  |TAMS 0x000000074e400000, 0x000000074e400000| Untracked 
| 161|0x000000074e500000, 0x000000074e500000, 0x000000074e600000|  0%| F|  |TAMS 0x000000074e500000, 0x000000074e500000| Untracked 
| 162|0x000000074e600000, 0x000000074e600000, 0x000000074e700000|  0%| F|  |TAMS 0x000000074e600000, 0x000000074e600000| Untracked 
| 163|0x000000074e700000, 0x000000074e700000, 0x000000074e800000|  0%| F|  |TAMS 0x000000074e700000, 0x000000074e700000| Untracked 
| 164|0x000000074e800000, 0x000000074e800000, 0x000000074e900000|  0%| F|  |TAMS 0x000000074e800000, 0x000000074e800000| Untracked 
| 165|0x000000074e900000, 0x000000074e900000, 0x000000074ea00000|  0%| F|  |TAMS 0x000000074e900000, 0x000000074e900000| Untracked 
| 166|0x000000074ea00000, 0x000000074ea00000, 0x000000074eb00000|  0%| F|  |TAMS 0x000000074ea00000, 0x000000074ea00000| Untracked 
| 167|0x000000074eb00000, 0x000000074eb00000, 0x000000074ec00000|  0%| F|  |TAMS 0x000000074eb00000, 0x000000074eb00000| Untracked 
| 168|0x000000074ec00000, 0x000000074ec00000, 0x000000074ed00000|  0%| F|  |TAMS 0x000000074ec00000, 0x000000074ec00000| Untracked 
| 169|0x000000074ed00000, 0x000000074ed00000, 0x000000074ee00000|  0%| F|  |TAMS 0x000000074ed00000, 0x000000074ed00000| Untracked 
| 170|0x000000074ee00000, 0x000000074ee00000, 0x000000074ef00000|  0%| F|  |TAMS 0x000000074ee00000, 0x000000074ee00000| Untracked 
| 171|0x000000074ef00000, 0x000000074ef00000, 0x000000074f000000|  0%| F|  |TAMS 0x000000074ef00000, 0x000000074ef00000| Untracked 
| 172|0x000000074f000000, 0x000000074f000000, 0x000000074f100000|  0%| F|  |TAMS 0x000000074f000000, 0x000000074f000000| Untracked 
| 173|0x000000074f100000, 0x000000074f100000, 0x000000074f200000|  0%| F|  |TAMS 0x000000074f100000, 0x000000074f100000| Untracked 
| 174|0x000000074f200000, 0x000000074f200000, 0x000000074f300000|  0%| F|  |TAMS 0x000000074f200000, 0x000000074f200000| Untracked 
| 175|0x000000074f300000, 0x000000074f300000, 0x000000074f400000|  0%| F|  |TAMS 0x000000074f300000, 0x000000074f300000| Untracked 
| 176|0x000000074f400000, 0x000000074f400000, 0x000000074f500000|  0%| F|  |TAMS 0x000000074f400000, 0x000000074f400000| Untracked 
| 177|0x000000074f500000, 0x000000074f500000, 0x000000074f600000|  0%| F|  |TAMS 0x000000074f500000, 0x000000074f500000| Untracked 
| 178|0x000000074f600000, 0x000000074f600000, 0x000000074f700000|  0%| F|  |TAMS 0x000000074f600000, 0x000000074f600000| Untracked 
| 179|0x000000074f700000, 0x000000074f700000, 0x000000074f800000|  0%| F|  |TAMS 0x000000074f700000, 0x000000074f700000| Untracked 
| 180|0x000000074f800000, 0x000000074f800000, 0x000000074f900000|  0%| F|  |TAMS 0x000000074f800000, 0x000000074f800000| Untracked 
| 181|0x000000074f900000, 0x000000074f900000, 0x000000074fa00000|  0%| F|  |TAMS 0x000000074f900000, 0x000000074f900000| Untracked 
| 182|0x000000074fa00000, 0x000000074fa00000, 0x000000074fb00000|  0%| F|  |TAMS 0x000000074fa00000, 0x000000074fa00000| Untracked 
| 183|0x000000074fb00000, 0x000000074fb00000, 0x000000074fc00000|  0%| F|  |TAMS 0x000000074fb00000, 0x000000074fb00000| Untracked 
| 184|0x000000074fc00000, 0x000000074fca29f0, 0x000000074fd00000| 63%| E|  |TAMS 0x000000074fc00000, 0x000000074fc00000| Complete 
| 185|0x000000074fd00000, 0x000000074fe00000, 0x000000074fe00000|100%| E|  |TAMS 0x000000074fd00000, 0x000000074fd00000| Complete 
| 186|0x000000074fe00000, 0x000000074ff00000, 0x000000074ff00000|100%| E|CS|TAMS 0x000000074fe00000, 0x000000074fe00000| Complete 
| 187|0x000000074ff00000, 0x0000000750000000, 0x0000000750000000|100%| E|CS|TAMS 0x000000074ff00000, 0x000000074ff00000| Complete 

Card table byte_map: [0x0000021467150000,0x0000021467730000] _byte_map_base: 0x000002146372e000

Marking Bits (Prev, Next): (CMBitMap*) 0x000002144f6b73d8, (CMBitMap*) 0x000002144f6b7418
 Prev Bits: [0x0000021467d10000, 0x000002146ac00000)
 Next Bits: [0x000002146ac00000, 0x000002146daf0000)

Polling page: 0x000002144d680000

Metaspace:

Usage:
  Non-class:      4.14 MB capacity,   418.59 KB ( 10%) used,     3.73 MB ( 90%) free+waste,   448 bytes ( <1%) overhead. 
      Class:    424.00 KB capacity,    27.72 KB (  7%) used,   395.91 KB ( 93%) free+waste,   384 bytes ( <1%) overhead. 
       Both:      4.55 MB capacity,   446.30 KB ( 10%) used,     4.12 MB ( 90%) free+waste,   832 bytes ( <1%) overhead. 

Virtual space:
  Non-class space:        8.00 MB reserved,       4.25 MB ( 53%) committed 
      Class space:        1.00 GB reserved,     512.00 KB ( <1%) committed 
             Both:        1.01 GB reserved,       4.75 MB ( <1%) committed 

Chunk freelists:
   Non-Class:  48.00 KB
       Class:  24.00 KB
        Both:  72.00 KB

MaxMetaspaceSize: 17179869184.00 GB
CompressedClassSpaceSize: 1.00 GB

CodeHeap 'non-profiled nmethods': size=120064Kb used=61Kb max_used=61Kb free=120002Kb
 bounds [0x000002145f630000, 0x000002145f8a0000, 0x0000021466b70000]
CodeHeap 'profiled nmethods': size=120000Kb used=323Kb max_used=323Kb free=119677Kb
 bounds [0x0000021458100000, 0x0000021458370000, 0x000002145f630000]
CodeHeap 'non-nmethods': size=5696Kb used=1070Kb max_used=1082Kb free=4626Kb
 bounds [0x0000021457b70000, 0x0000021457de0000, 0x0000021458100000]
 total_blobs=870 nmethods=220 adapters=199
 compilation: enabled
              stopped_count=0, restarted_count=0
 full_count=0

Compilation events (20 events):
Event: 0.292 Thread 0x0000021470ad4000 nmethod 206 0x000002145f63e810 code [0x000002145f63e9a0, 0x000002145f63ea58]
Event: 0.293 Thread 0x0000021470ada800 nmethod 210 0x000002145814d610 code [0x000002145814d800, 0x000002145814ddb0]
Event: 0.293 Thread 0x0000021470ada800  211       3       java.util.jar.JarFile$1::<init> (10 bytes)
Event: 0.293 Thread 0x0000021470ada800 nmethod 211 0x000002145814df90 code [0x000002145814e140, 0x000002145814e378]
Event: 0.293 Thread 0x0000021470ada800  212       3       java.util.zip.ZipFile$1::getEntry (10 bytes)
Event: 0.293 Thread 0x0000021470ada800 nmethod 212 0x000002145814e410 code [0x000002145814e5c0, 0x000002145814e890]
Event: 0.293 Thread 0x0000021470ada800  209       3       java.lang.CharacterDataLatin1::toUpperCase (53 bytes)
Event: 0.293 Thread 0x0000021470ada800 nmethod 209 0x000002145814e990 code [0x000002145814eb40, 0x000002145814ee58]
Event: 0.294 Thread 0x0000021470ada800  214       3       java.io.RandomAccessFile::seek (22 bytes)
Event: 0.294 Thread 0x0000021470ada800 nmethod 214 0x000002145814ef90 code [0x000002145814f160, 0x000002145814f3e0]
Event: 0.295 Thread 0x0000021470ada800  216       3       java.lang.StringUTF16::compress (50 bytes)
Event: 0.296 Thread 0x0000021470ada800 nmethod 216 0x000002145814f510 code [0x000002145814f6c0, 0x000002145814f958]
Event: 0.296 Thread 0x0000021470ada800  217       1       java.net.URL::getUserInfo (5 bytes)
Event: 0.296 Thread 0x0000021470ada800 nmethod 217 0x000002145f63f410 code [0x000002145f63f5a0, 0x000002145f63f6d8]
Event: 0.296 Thread 0x0000021470ada800  218       3       java.lang.String::toString (2 bytes)
Event: 0.296 Thread 0x0000021470ada800 nmethod 218 0x000002145814fb10 code [0x000002145814fca0, 0x000002145814fe18]
Event: 0.297 Thread 0x0000021470ada800  219       3       java.lang.StringConcatHelper::stringOf (20 bytes)
Event: 0.297 Thread 0x0000021470ada800 nmethod 219 0x000002145814fe90 code [0x0000021458150040, 0x00000214581502f0]
Event: 0.297 Thread 0x0000021470ada800  220       3       java.lang.StringConcatHelper::mix (27 bytes)
Event: 0.297 Thread 0x0000021470ada800 nmethod 220 0x0000021458150390 code [0x0000021458150580, 0x0000021458150a10]

GC Heap History (0 events):
No events

Deoptimization events (10 events):
Event: 0.141 Thread 0x000002144f65d000 Uncommon trap: trap_request=0xffffff45 fr.pc=0x000002145f634acc relative=0x00000000000001ac
Event: 0.141 Thread 0x000002144f65d000 Uncommon trap: reason=unstable_if action=reinterpret pc=0x000002145f634acc method=java.lang.String.hashCode()I @ 42 c2
Event: 0.141 Thread 0x000002144f65d000 DEOPT PACKING pc=0x000002145f634acc sp=0x000000d7c9efe2d0
Event: 0.141 Thread 0x000002144f65d000 DEOPT UNPACKING pc=0x0000021457bb912f sp=0x000000d7c9efe268 mode 2
Event: 0.268 Thread 0x000002144f65d000 Uncommon trap: trap_request=0xffffff45 fr.pc=0x000002145f63b490 relative=0x0000000000000070
Event: 0.268 Thread 0x000002144f65d000 Uncommon trap: reason=unstable_if action=reinterpret pc=0x000002145f63b490 method=java.io.WinNTFileSystem.isSlash(C)Z @ 9 c2
Event: 0.268 Thread 0x000002144f65d000 DEOPT PACKING pc=0x000002145f63b490 sp=0x000000d7c9efe300
Event: 0.268 Thread 0x000002144f65d000 DEOPT UNPACKING pc=0x0000021457bb912f sp=0x000000d7c9efe288 mode 2
Event: 0.288 Thread 0x000002144f65d000 DEOPT PACKING pc=0x0000021458137af4 sp=0x000000d7c9efca60
Event: 0.288 Thread 0x000002144f65d000 DEOPT UNPACKING pc=0x0000021457bb964e sp=0x000000d7c9efbeb8 mode 0

Classes unloaded (0 events):
No events

Classes redefined (0 events):
No events

Internal exceptions (0 events):
No events

Events (20 events):
Event: 0.288 loading class org/jpl7/fli/PointerHolder
Event: 0.288 loading class org/jpl7/fli/PointerHolder done
Event: 0.289 loading class org/jpl7/fli/qid_t
Event: 0.289 loading class org/jpl7/fli/qid_t done
Event: 0.290 loading class org/jpl7/fli/module_t
Event: 0.290 loading class org/jpl7/fli/module_t done
Event: 0.291 loading class org/jpl7/fli/engine_t
Event: 0.291 loading class org/jpl7/fli/engine_t done
Event: 0.292 loading class org/jpl7/fli/IntHolder
Event: 0.292 loading class org/jpl7/fli/IntHolder done
Event: 0.293 loading class org/jpl7/fli/Int64Holder
Event: 0.293 loading class org/jpl7/fli/Int64Holder done
Event: 0.294 loading class org/jpl7/fli/DoubleHolder
Event: 0.294 loading class org/jpl7/fli/DoubleHolder done
Event: 0.295 loading class org/jpl7/fli/StringHolder
Event: 0.295 loading class org/jpl7/fli/StringHolder done
Event: 0.295 loading class org/jpl7/fli/ObjectHolder
Event: 0.295 loading class org/jpl7/fli/ObjectHolder done
Event: 0.296 loading class org/jpl7/fli/BooleanHolder
Event: 0.296 loading class org/jpl7/fli/BooleanHolder done


Dynamic libraries:
0x00007ff6c9f90000 - 0x00007ff6c9f9f000 	C:\Program Files\Java\jdk-13.0.1\bin\javaw.exe
0x00007ffbf3190000 - 0x00007ffbf3386000 	C:\WINDOWS\SYSTEM32\ntdll.dll
0x00007ffbf2270000 - 0x00007ffbf232d000 	C:\WINDOWS\System32\KERNEL32.DLL
0x00007ffbf0f20000 - 0x00007ffbf11e9000 	C:\WINDOWS\System32\KERNELBASE.dll
0x00007ffbf0c30000 - 0x00007ffbf0d30000 	C:\WINDOWS\System32\ucrtbase.dll
0x00007ffbc83d0000 - 0x00007ffbc83e8000 	C:\Program Files\Java\jdk-13.0.1\bin\jli.dll
0x00007ffbf2be0000 - 0x00007ffbf2c8c000 	C:\WINDOWS\System32\ADVAPI32.dll
0x00007ffbf16a0000 - 0x00007ffbf173e000 	C:\WINDOWS\System32\msvcrt.dll
0x00007ffbf1b00000 - 0x00007ffbf1b9c000 	C:\WINDOWS\System32\sechost.dll
0x00007ffbf2360000 - 0x00007ffbf248b000 	C:\WINDOWS\System32\RPCRT4.dll
0x00007ffbf2c90000 - 0x00007ffbf2e30000 	C:\WINDOWS\System32\USER32.dll
0x00007ffbf0d30000 - 0x00007ffbf0d52000 	C:\WINDOWS\System32\win32u.dll
0x00007ffbf2330000 - 0x00007ffbf235a000 	C:\WINDOWS\System32\GDI32.dll
0x00007ffbf0ad0000 - 0x00007ffbf0bdb000 	C:\WINDOWS\System32\gdi32full.dll
0x00007ffbf08d0000 - 0x00007ffbf096d000 	C:\WINDOWS\System32\msvcp_win.dll
0x00007ffbbb480000 - 0x00007ffbbb495000 	C:\Program Files\Java\jdk-13.0.1\bin\VCRUNTIME140.dll
0x00007ffbdb8d0000 - 0x00007ffbdbb6b000 	C:\WINDOWS\WinSxS\amd64_microsoft.windows.common-controls_6595b64144ccf1df_6.0.19041.746_none_ca02b4b61b8320a4\COMCTL32.dll
0x00007ffbe5ae0000 - 0x00007ffbe5aea000 	C:\WINDOWS\SYSTEM32\VERSION.dll
0x00007ffbf1410000 - 0x00007ffbf1440000 	C:\WINDOWS\System32\IMM32.DLL
0x00007ffba8080000 - 0x00007ffba811b000 	C:\Program Files\Java\jdk-13.0.1\bin\msvcp140.dll
0x00007ffba8ef0000 - 0x00007ffba9a56000 	C:\Program Files\Java\jdk-13.0.1\bin\server\jvm.dll
0x00007ffbf1cc0000 - 0x00007ffbf1cc8000 	C:\WINDOWS\System32\PSAPI.DLL
0x00007ffbde740000 - 0x00007ffbde749000 	C:\WINDOWS\SYSTEM32\WSOCK32.dll
0x00007ffbf1270000 - 0x00007ffbf12db000 	C:\WINDOWS\System32\WS2_32.dll
0x00007ffbe11f0000 - 0x00007ffbe1217000 	C:\WINDOWS\SYSTEM32\WINMM.dll
0x00007ffbef1c0000 - 0x00007ffbef1d2000 	C:\WINDOWS\SYSTEM32\kernel.appcore.dll
0x00007ffbdda80000 - 0x00007ffbdda90000 	C:\Program Files\Java\jdk-13.0.1\bin\verify.dll
0x00007ffbe3560000 - 0x00007ffbe3744000 	C:\WINDOWS\SYSTEM32\DBGHELP.DLL
0x00007ffbe3530000 - 0x00007ffbe355c000 	C:\WINDOWS\SYSTEM32\dbgcore.DLL
0x00007ffbf0e40000 - 0x00007ffbf0ec0000 	C:\WINDOWS\System32\bcryptPrimitives.dll
0x00007ffbd7660000 - 0x00007ffbd7686000 	C:\Program Files\Java\jdk-13.0.1\bin\java.dll
0x00007ffbd7640000 - 0x00007ffbd7657000 	C:\Program Files\Java\jdk-13.0.1\bin\zip.dll
0x00007ffbdd730000 - 0x00007ffbdd73a000 	C:\Program Files\Java\jdk-13.0.1\bin\jimage.dll
0x00007ffbf2490000 - 0x00007ffbf2bd3000 	C:\WINDOWS\System32\SHELL32.dll
0x00007ffbee8e0000 - 0x00007ffbef06f000 	C:\WINDOWS\SYSTEM32\windows.storage.dll
0x00007ffbf17a0000 - 0x00007ffbf1af6000 	C:\WINDOWS\System32\combase.dll
0x00007ffbf0260000 - 0x00007ffbf028c000 	C:\WINDOWS\SYSTEM32\Wldp.dll
0x00007ffbf30a0000 - 0x00007ffbf314e000 	C:\WINDOWS\System32\SHCORE.dll
0x00007ffbf3040000 - 0x00007ffbf3095000 	C:\WINDOWS\System32\shlwapi.dll
0x00007ffbf0800000 - 0x00007ffbf0826000 	C:\WINDOWS\SYSTEM32\profapi.dll
0x00007ffbd5810000 - 0x00007ffbd5829000 	C:\Program Files\Java\jdk-13.0.1\bin\net.dll
0x00007ffbe9430000 - 0x00007ffbe9530000 	C:\WINDOWS\SYSTEM32\WINHTTP.dll
0x00007ffbeffe0000 - 0x00007ffbf004a000 	C:\WINDOWS\system32\mswsock.dll
0x00007ffbd29b0000 - 0x00007ffbd29c3000 	C:\Program Files\Java\jdk-13.0.1\bin\nio.dll
0x00000000712e0000 - 0x0000000071384000 	C:\Program Files\swipl\bin\jpl.dll
0x0000000064940000 - 0x0000000064955000 	C:\Program Files\Haskell Platform\8.6.3\mingw\bin\libwinpthread-1.dll
0x000000006fe20000 - 0x000000007085d000 	C:\Program Files\swipl\bin\libswipl.dll
0x00007ffbf1440000 - 0x00007ffbf145d000 	C:\WINDOWS\System32\imagehlp.dll
0x000000006acc0000 - 0x000000006ad45000 	C:\Program Files\Haskell Platform\8.6.3\mingw\bin\libgmp-10.dll
0x0000000061440000 - 0x000000006145c000 	C:\Program Files\Haskell Platform\8.6.3\mingw\bin\libgcc_s_seh-1.dll
0x0000000069e80000 - 0x0000000069f55000 	C:\Program Files\swipl\bin\libdwarf.dll

dbghelp: loaded successfully - version: 4.0.5 - missing functions: none
symbol engine: initialized successfully - sym options: 0x614 - pdb path: .;C:\Program Files\Java\jdk-13.0.1\bin;C:\WINDOWS\SYSTEM32;C:\WINDOWS\WinSxS\amd64_microsoft.windows.common-controls_6595b64144ccf1df_6.0.19041.746_none_ca02b4b61b8320a4;C:\Program Files\Java\jdk-13.0.1\bin\server;C:\Program Files\swipl\bin;C:\Program Files\Haskell Platform\8.6.3\mingw\bin

VM Arguments:
jvm_args: -Dfile.encoding=Cp1252 
java_command: tekno.PrologReasoning
java_class_path (initial): C:\Users\Federico\git_AI\TeKno\bin;C:\Users\Federico\git_AI\TeKno\lib\stanford-corenlp-4.0.0\ejml-core-0.38.jar;C:\Users\Federico\git_AI\TeKno\lib\stanford-corenlp-4.0.0\ejml-core-0.38-sources.jar;C:\Users\Federico\git_AI\TeKno\lib\stanford-corenlp-4.0.0\ejml-ddense-0.38.jar;C:\Users\Federico\git_AI\TeKno\lib\stanford-corenlp-4.0.0\ejml-ddense-0.38-sources.jar;C:\Users\Federico\git_AI\TeKno\lib\stanford-corenlp-4.0.0\ejml-simple-0.38.jar;C:\Users\Federico\git_AI\TeKno\lib\stanford-corenlp-4.0.0\ejml-simple-0.38-sources.jar;C:\Users\Federico\git_AI\TeKno\lib\stanford-corenlp-4.0.0\javax.activation-api-1.2.0.jar;C:\Users\Federico\git_AI\TeKno\lib\stanford-corenlp-4.0.0\javax.activation-api-1.2.0-sources.jar;C:\Users\Federico\git_AI\TeKno\lib\stanford-corenlp-4.0.0\javax.json.jar;C:\Users\Federico\git_AI\TeKno\lib\stanford-corenlp-4.0.0\javax.json-api-1.0-sources.jar;C:\Users\Federico\git_AI\TeKno\lib\stanford-corenlp-4.0.0\jaxb-api-2.4.0-b180830.0359.jar;C:\Users\Federico\git_AI\TeKno\lib\stanford-corenlp-4.0.0\jaxb-api-2.4.0-b180830.0359-sources.jar;C:\Users\Federico\git_AI\TeKno\lib\stanford-corenlp-4.0.0\jaxb-core-2.3.0.1.jar;C:\Users\Federico\git_AI\TeKno\lib\stanford-corenlp-4.0.0\jaxb-core-2.3.0.1-sources.jar;C:\Users\Federico\git_AI\TeKno\lib\stanford-corenlp-4.0.0\jaxb-impl-2.4.0-b180830.0438.jar;C:\Users\Federico\git_AI\TeKno\lib\stanford-corenlp-4.0.0\jaxb-impl-2.4.0-b180830.0438-sources.jar;C:\Users\Federico\git_AI\TeKno\lib\stanford-corenlp-4.0.0\joda-time.jar;C:\Users\Federico\git_AI\TeKno\lib\stanford-corenlp-4.0.0\joda-time-2.10.5-sources.jar;C:\Users\Federico\git_AI\TeKno\lib\stanford-corenlp-4.0.0\jollyday.jar;C:\Users\Federico\git_AI\TeKno\lib\stanford-corenlp-4.0.0\jollyday-0.4.9-sources.jar;C:\Users\Federico\git_AI\TeKno\lib\stanford-corenlp-4.0.0\protobuf.jar;C:\Users\Federico\git_AI\TeKno\lib\stanford-corenlp-4.0.0\slf4j-api.jar;C:\Users\Federico\git_AI\TeKno\lib\stanford-corenlp-4.0.0\slf4j-simple.jar;C:\Users\Federi
Launcher Type: SUN_STANDARD

[Global flags]
     intx CICompilerCount                          = 3                                         {product} {ergonomic}
     uint ConcGCThreads                            = 1                                         {product} {ergonomic}
     uint G1ConcRefinementThreads                  = 4                                         {product} {ergonomic}
   size_t G1HeapRegionSize                         = 1048576                                   {product} {ergonomic}
    uintx GCDrainStackTargetSize                   = 64                                        {product} {ergonomic}
   size_t InitialHeapSize                          = 197132288                                 {product} {ergonomic}
   size_t MarkStackSize                            = 4194304                                   {product} {ergonomic}
   size_t MaxHeapSize                              = 3149922304                                {product} {ergonomic}
   size_t MaxNewSize                               = 1889533952                                {product} {ergonomic}
   size_t MinHeapDeltaBytes                        = 1048576                                   {product} {ergonomic}
   size_t MinHeapSize                              = 8388608                                   {product} {ergonomic}
    uintx NonNMethodCodeHeapSize                   = 5830732                                {pd product} {ergonomic}
    uintx NonProfiledCodeHeapSize                  = 122913754                              {pd product} {ergonomic}
    uintx ProfiledCodeHeapSize                     = 122913754                              {pd product} {ergonomic}
    uintx ReservedCodeCacheSize                    = 251658240                              {pd product} {ergonomic}
     bool SegmentedCodeCache                       = true                                      {product} {ergonomic}
   size_t SoftMaxHeapSize                          = 3149922304                             {manageable} {ergonomic}
     bool UseCompressedClassPointers               = true                                 {lp64_product} {ergonomic}
     bool UseCompressedOops                        = true                                 {lp64_product} {ergonomic}
     bool UseG1GC                                  = true                                      {product} {ergonomic}
     bool UseLargePagesIndividualAllocation        = false                                  {pd product} {ergonomic}

Logging:
Log output configuration:
 #0: stdout all=warning uptime,level,tags
 #1: stderr all=off uptime,level,tags

Environment Variables:
PATH=C:/Program Files/Java/jdk-13.0.1/bin/server;C:/Program Files/Java/jdk-13.0.1/bin;C:\Program Files\Haskell\bin;C:\Program Files\Haskell Platform\8.6.3\lib\extralibs\bin;C:\Program Files\Haskell Platform\8.6.3\bin;C:\Program Files (x86)\Common Files\Oracle\Java\javapath;C:\WINDOWS\system32;C:\WINDOWS;C:\WINDOWS\System32\Wbem;C:\WINDOWS\System32\WindowsPowerShell\v1.0\;C:\WINDOWS\System32\OpenSSH\;C:\Program Files (x86)\Windows Kits\10\Windows Performance Toolkit\;C:\Program Files\R\R-3.5.0\bin;C:\Program Files\PuTTY\;C:\Program Files (x86)\AOMEI Backupper;C:\Program Files\Haskell Platform\8.6.3\mingw\bin;C:\Program Files\Java\jdk-13.0.1\bin;C:\Program Files\nodejs\;C:\Program Files\Git\cmd;C:\Users\Federico\AppData\Local\Programs\Python\Python35\Scripts\;C:\Users\Federico\AppData\Local\Programs\Python\Python35\;C:\Users\Federico\AppData\Roaming\cabal\bin;C:\Users\Federico\AppData\Roaming\local\bin;C:\Ruby24-x64\bin;C:\Users\Federico\AppData\Local\Microsoft\WindowsApps;C:\Users\Federico\Desktop\varie\sonar-scanner-cli-3.2.0.1227-windows\bin;C:\Program Files (x86)\Yap\bin\;C:\Users\Federico\AppData\Roaming\npm;C:\Program Files\nodejs;C:\Users\Federico\AppData\Local\Programs\Microsoft VS Code\bin;C:\Program Files\swipl\bin;;C:\Users\Federico\Desktop;
USERNAME=Federico
OS=Windows_NT
PROCESSOR_IDENTIFIER=Intel64 Family 6 Model 58 Stepping 9, GenuineIntel



---------------  S Y S T E M  ---------------

OS: Windows 10 , 64 bit Build 19041 (10.0.19041.662)

CPU:total 4 (initial active 4) (2 cores per cpu, 2 threads per core) family 6 model 58 stepping 9, cmov, cx8, fxsr, mmx, sse, sse2, sse3, ssse3, sse4.1, sse4.2, popcnt, avx, aes, clmul, erms, ht, tsc, tscinvbit, tscinv

Memory: 4k page, system-wide physical 12011M (4924M free)
TotalPageFile size 13867M (AvailPageFile size 3809M)
current process WorkingSet (physical memory assigned to process): 36M, peak: 36M
current process commit charge ("private bytes"): 272M, peak: 272M

vm_info: Java HotSpot(TM) 64-Bit Server VM (13.0.1+9) for windows-amd64 JRE (13.0.1+9), built on Oct  6 2019 12:37:49 by "mach5one" with unknown MS VC++:1916

END.
